# JRE version: OpenJDK Runtime Environment (Red_Hat-17.0.4.0.8-1.fc36) (17.0.4+8) (build 17.0.4+8)
# Java VM: OpenJDK 64-Bit Server VM (Red_Hat-17.0.4.0.8-1.fc36) (17.0.4+8, mixed mode, sharing, tiered, compressed oops, compressed class ptrs, g1 gc, linux-amd64)
GC Precious Log:
 CPUs: 4 total, 4 available
 Memory: 11861M
 Large Page Support: Disabled
 NUMA Support: Disabled
 Compressed Oops: Enabled (Zero based)
 Heap Region Size: 2M
 Heap Min Capacity: 8M
 Heap Initial Capacity: 186M
 Heap Max Capacity: 2966M
 Pre-touch: Disabled
 Parallel Workers: 4
 Concurrent Workers: 1
 Concurrent Refinement Workers: 4
 Periodic GC: Disabled
Heap:
 garbage-first heap   total 61440K, used 16054K [0x0000000746a00000, 0x0000000800000000)
  region size 2048K, 7 young (14336K), 4 survivors (8192K)
 Metaspace       used 22131K, committed 22336K, reserved 1073152K
  class space    used 2998K, committed 3072K, reserved 1048576K
GC Heap History (6 events):
Event: 3.247 GC heap before
{Heap before GC invocations=0 (full 0):
 garbage-first heap   total 194560K, used 11236K [0x0000000746a00000, 0x0000000800000000)
  region size 2048K, 6 young (12288K), 0 survivors (0K)
 Metaspace       used 2874K, committed 3136K, reserved 1056768K
  class space    used 308K, committed 448K, reserved 1048576K
}
Event: 3.250 GC heap after
{Heap after GC invocations=1 (full 0):
 garbage-first heap   total 194560K, used 2665K [0x0000000746a00000, 0x0000000800000000)
  region size 2048K, 1 young (2048K), 1 survivors (2048K)
 Metaspace       used 2874K, committed 3136K, reserved 1056768K
  class space    used 308K, committed 448K, reserved 1048576K
}
Event: 11.382 GC heap before
{Heap before GC invocations=1 (full 0):
 garbage-first heap   total 194560K, used 27241K [0x0000000746a00000, 0x0000000800000000)
  region size 2048K, 14 young (28672K), 1 survivors (2048K)
 Metaspace       used 10364K, committed 10560K, reserved 1064960K
  class space    used 1459K, committed 1536K, reserved 1048576K
}
Event: 11.388 GC heap after
{Heap after GC invocations=2 (full 0):
 garbage-first heap   total 194560K, used 6196K [0x0000000746a00000, 0x0000000800000000)
  region size 2048K, 2 young (4096K), 2 survivors (4096K)
 Metaspace       used 10364K, committed 10560K, reserved 1064960K
  class space    used 1459K, committed 1536K, reserved 1048576K
}
Event: 26.398 GC heap before
{Heap before GC invocations=2 (full 0):
 garbage-first heap   total 194560K, used 32820K [0x0000000746a00000, 0x0000000800000000)
  region size 2048K, 15 young (30720K), 2 survivors (4096K)
 Metaspace       used 21279K, committed 21504K, reserved 1073152K
  class space    used 2897K, committed 3008K, reserved 1048576K
}
Event: 26.407 GC heap after
{Heap after GC invocations=3 (full 0):
 garbage-first heap   total 194560K, used 11958K [0x0000000746a00000, 0x0000000800000000)
  region size 2048K, 4 young (8192K), 4 survivors (8192K)
 Metaspace       used 21279K, committed 21504K, reserved 1073152K
  class space    used 2897K, committed 3008K, reserved 1048576K
}

